
2026-02-03 16:57:46 | Command: /status
2026-02-03 16:57:46 | Command completed successfully
2026-02-03 16:57:56 | Command: /todo add Test task
2026-02-03 16:57:57 | Added todo #{0}
2026-02-03 16:57:57 | Command completed successfully
2026-02-03 16:58:06 | Command: /todo add Test task
2026-02-03 16:58:06 | Added todo #{0}
2026-02-03 16:58:06 | Command completed successfully
2026-02-03 16:58:09 | Command: /todo add Review pull request
2026-02-03 16:58:10 | Added todo #{0}
2026-02-03 16:58:10 | Command completed successfully
2026-02-03 16:58:32 | Command: /todo list 
2026-02-03 16:58:32 | Command: /todo list
2026-02-03 16:58:33 | Command completed successfully
2026-02-03 16:58:39 | Command: /todo done 1
2026-02-03 16:58:39 | Completed todo #{0}
2026-02-03 16:58:39 | Command completed successfully
2026-02-03 16:58:44 | Command: /todo list 
2026-02-03 16:58:44 | Command: /todo list
2026-02-03 16:58:44 | Command completed successfully
2026-02-03 16:58:50 | Command: /todo list 
2026-02-03 16:58:50 | Command: /todo list
2026-02-03 16:58:50 | Command completed successfully
2026-02-03 16:59:52 | Command: /todo list 
2026-02-03 16:59:52 | Command: /todo list
2026-02-03 16:59:52 | Format-TodoList: Count = 2, Type = Object[]
2026-02-03 16:59:52 | Command completed successfully
2026-02-03 17:01:01 | Command: /todo list 
2026-02-03 17:01:01 | Command: /todo list
2026-02-03 17:01:01 | Format-TodoList: Count = 2, Type = Object[]
2026-02-03 17:01:01 | Todos[0].status = done
2026-02-03 17:01:01 | Todos[1].status = pending
2026-02-03 17:01:01 | Pending count = 
2026-02-03 17:01:01 | Done count = 
2026-02-03 17:01:01 | Command completed successfully
